<?xml version="1.0" encoding="UTF-8"?>
<!-- Generated by org.testng.reporters.JUnitReportReporter -->
<testsuite hostname="DESKTOP-33SIMU9" failures="0" tests="2" name="com.orangehrm.qa.test.LoginpPageTest" time="13.216" errors="0" timestamp="2021-07-31T15:28:48 CDT" skipped="0">
  <testcase classname="com.orangehrm.qa.test.LoginpPageTest" name="Verifyloginpannel" time="4.388"/>
  <system-out/>
  <testcase classname="com.orangehrm.qa.test.LoginpPageTest" name="Verifylogin" time="8.828"/>
  <system-out/>
</testsuite> <!-- com.orangehrm.qa.test.LoginpPageTest -->
