<?xml version="1.0" encoding="UTF-8"?>
<!-- Generated by org.testng.reporters.JUnitReportReporter -->
<testsuite hostname="DESKTOP-33SIMU9" failures="0" tests="3" name="com.orangehrm.qa.test.HomePageTest" time="20.662" errors="0" timestamp="2021-07-31T15:28:48 CDT" skipped="0">
  <testcase classname="com.orangehrm.qa.test.HomePageTest" name="VerifyloginLableDisplayed" time="6.322"/>
  <system-out/>
  <testcase classname="com.orangehrm.qa.test.HomePageTest" name="VerifyAdminLinkTest" time="7.414"/>
  <system-out/>
  <testcase classname="com.orangehrm.qa.test.HomePageTest" name="VerifyPimLinkTest" time="6.926"/>
  <system-out/>
</testsuite> <!-- com.orangehrm.qa.test.HomePageTest -->
